<?xml version="1.0" encoding="UTF-8"?>
<!-- Generated by org.testng.reporters.JUnitReportReporter -->
<testsuite hostname="LAPTOP-PMLHKRM6" failures="0" tests="1" name="organisation.CreateOrganisationWithIndustry" time="19.811" errors="0" timestamp="2025-05-29T15:10:55 IST" skipped="0">
  <testcase classname="organisation.CreateOrganisationWithIndustry" name="createOrganisationWithIndustry" time="19.811"/>
  <system-out/>
</testsuite> <!-- organisation.CreateOrganisationWithIndustry -->
