<?xml version="1.0" encoding="UTF-8"?>
<!-- Generated by org.testng.reporters.JUnitReportReporter -->
<testsuite hostname="LAPTOP-PMLHKRM6" failures="0" tests="1" name="Practice.ReadDataFromXML" time="0.013" errors="0" timestamp="2025-05-15T12:10:42 IST" skipped="0">
  <testcase classname="Practice.ReadDataFromXML" name="sampleTest" time="0.013"/>
  <system-out/>
</testsuite> <!-- Practice.ReadDataFromXML -->
