<?xml version="1.0" encoding="UTF-8"?>
<!-- Generated by org.testng.reporters.JUnitReportReporter -->
<testsuite hostname="LAPTOP-PMLHKRM6" failures="0" tests="1" name="testscripts.CreateOrganisation" time="37.045" errors="0" timestamp="2025-05-15T12:18:53 IST" skipped="0">
  <testcase classname="testscripts.CreateOrganisation" name="createOrganisationtest" time="37.045"/>
  <system-out/>
</testsuite> <!-- testscripts.CreateOrganisation -->
