<?xml version="1.0" encoding="UTF-8"?>
<!-- Generated by org.testng.reporters.JUnitReportReporter -->
<testsuite hostname="LAPTOP-PMLHKRM6" failures="0" tests="1" name="organisation.CreateOrganisaton" time="21.410" errors="0" timestamp="2025-05-29T15:22:23 IST" skipped="0">
  <testcase classname="organisation.CreateOrganisaton" name="createOrganisation" time="21.410"/>
  <system-out/>
</testsuite> <!-- organisation.CreateOrganisaton -->
